2025-06-14 12:07:56 - __main__ - WARNING: -----------------------------程序开始/启动-----------------------------

2025-06-14 12:07:56 - __main__ - INFO: 成语接龙tk版本 1.2

2025-06-14 12:07:56 - __main__ - INFO: Copyright 2023-2025 乐乐成语接龙 Lawrence Shi(Github:lawrenceshi bilibili:喜欢探究的乐乐)/Hao Shi(Github:hshi)

2025-06-14 12:07:56 - __main__ - INFO: class初始化

2025-06-14 12:07:56 - __main__ - INFO: 界面标题/大小/是否可伸缩

2025-06-14 12:07:56 - __main__ - INFO: style设置完成

2025-06-14 12:07:56 - __main__ - INFO: 提示等待下载完成label创建完成

2025-06-14 12:07:56 - __main__ - INFO: url变量创建完成

2025-06-14 12:07:57 - __main__ - INFO: 欢迎界面创建完成

2025-06-14 12:07:57 - __main__ - INFO: 欢迎界面底部创建完成

2025-06-14 12:07:57 - __main__ - INFO: 界面创建完成

2025-06-14 12:07:57 - __main__ - INFO: 程序进入mainloop

2025-06-14 12:08:12 - __main__ - INFO: 用户点击'开始'按钮

2025-06-14 12:08:12 - __main__ - INFO: 欢迎界面/按钮销毁完成

2025-06-14 12:08:12 - __main__ - INFO: 开始接龙!

2025-06-14 12:08:12 - __main__ - INFO: 接龙界面/按钮创建完成

2025-06-14 12:08:29 - __main__ - INFO: 用户点击'次数'按钮

2025-06-14 12:08:30 - __main__ - INFO: 提示弹窗完成

2025-06-14 12:08:31 - __main__ - INFO: 用户点击了具体事例/来处按钮

2025-06-14 12:08:40 - __main__ - INFO: 提示弹窗完成

